<?xml version="1.0" encoding="UTF-8"?>
<!-- Generated by org.testng.reporters.JUnitReportReporter -->
<testsuite hostname="Desarrollo45" name="trainning.appium.example.test.NativeAppTest" tests="1" failures="0" timestamp="16 Oct 2015 18:23:34 GMT" time="1.505" errors="0">
  <testcase name="existButtons" time="1.505" classname="trainning.appium.example.test.NativeAppTest"/>
</testsuite> <!-- trainning.appium.example.test.NativeAppTest -->
