<?xml version="1.0" encoding="UTF-8"?>
<!-- Generated by org.testng.reporters.JUnitReportReporter -->
<testsuite hostname="Desarrollo45" name="parallel.test.FireFoxTest" tests="2" failures="0" timestamp="15 Jul 2015 18:27:50 GMT" time="0.696" errors="0">
  <testcase name="f" time="0.356" classname="parallel.test.FireFoxTest"/>
  <testcase name="f" time="0.340" classname="parallel.test.FireFoxTest"/>
</testsuite> <!-- parallel.test.FireFoxTest -->
