<?xml version="1.0" encoding="UTF-8"?>
<!-- Generated by org.testng.reporters.JUnitReportReporter -->
<testsuite hostname="Desarrollo45" name="parallel.test.ChromeTest" tests="2" failures="0" timestamp="15 Jul 2015 18:26:42 GMT" time="4.087" errors="0">
  <testcase name="f" time="2.109" classname="parallel.test.ChromeTest"/>
  <testcase name="f" time="1.978" classname="parallel.test.ChromeTest"/>
</testsuite> <!-- parallel.test.ChromeTest -->
