<?xml version="1.0" encoding="UTF-8"?>
<!-- Generated by org.testng.reporters.JUnitReportReporter -->
<testsuite hostname="Desarrollo45" name="trainning.appium.seleniumGrid.Example.test.AndroidTest" tests="2" failures="0" timestamp="28 Jul 2015 19:59:48 GMT" time="9.196" errors="0">
  <testcase name="goBackToMenu" time="5.811" classname="trainning.appium.seleniumGrid.Example.test.AndroidTest"/>
  <testcase name="isMenuPageComplete" time="3.385" classname="trainning.appium.seleniumGrid.Example.test.AndroidTest"/>
</testsuite> <!-- trainning.appium.seleniumGrid.Example.test.AndroidTest -->
