<?xml version="1.0" encoding="UTF-8"?>
<!-- Generated by org.testng.reporters.JUnitReportReporter -->
<testsuite hostname="Desarrollo45" name="trainning.appium.example.androidTest.NativeAppExample" tests="1" failures="0" timestamp="27 Jul 2015 15:55:09 GMT" time="0.927" errors="0">
  <testcase name="existButtons" time="0.927" classname="trainning.appium.example.androidTest.NativeAppExample"/>
</testsuite> <!-- trainning.appium.example.androidTest.NativeAppExample -->
