<?xml version="1.0" encoding="UTF-8"?>
<!-- Generated by org.testng.reporters.JUnitReportReporter -->
<testsuite hostname="Desarrollo45" name="parallel.test.InternetExplorerTest" tests="1" failures="0" timestamp="29 Jun 2015 20:33:46 GMT" time="0.270" errors="0">
  <testcase name="f" time="0.270" classname="parallel.test.InternetExplorerTest"/>
</testsuite> <!-- parallel.test.InternetExplorerTest -->
