<?xml version="1.0" encoding="UTF-8"?>
<!-- Generated by org.testng.reporters.JUnitReportReporter -->
<testsuite hostname="Desarrollo45" name="trainning.browserstack.test.DesktopExample" tests="3" failures="0" timestamp="3 Aug 2015 19:23:32 GMT" time="13.245" errors="0">
  <testcase name="testSimple" time="3.245" classname="trainning.browserstack.test.DesktopExample"/>
  <testcase name="testSimple" time="4.893" classname="trainning.browserstack.test.DesktopExample"/>
  <testcase name="testSimple" time="5.107" classname="trainning.browserstack.test.DesktopExample"/>
</testsuite> <!-- trainning.browserstack.test.DesktopExample -->
