<?xml version="1.0" encoding="UTF-8"?>
<!-- Generated by org.testng.reporters.JUnitReportReporter -->
<testsuite hostname="Desarrollo45" name="parallel.test.BaseTest" tests="3" failures="0" timestamp="14 Jul 2015 14:19:42 GMT" time="33.598" errors="0">
  <testcase name="f" time="11.827" classname="parallel.test.BaseTest"/>
  <testcase name="f" time="21.635" classname="parallel.test.BaseTest"/>
  <testcase name="f" time="0.136" classname="parallel.test.BaseTest"/>
</testsuite> <!-- parallel.test.BaseTest -->
