<?xml version="1.0" encoding="UTF-8"?>
<!-- Generated by org.testng.reporters.JUnitReportReporter -->
<testsuite hostname="Desarrollo45" name="trainning.appium.example.test.WebAppTest" tests="2" failures="0" timestamp="28 Jul 2015 18:14:13 GMT" time="9.190" errors="0">
  <testcase name="isMenuPageComplete" time="3.686" classname="trainning.appium.example.test.WebAppTest"/>
  <testcase name="goBackToMenu" time="5.504" classname="trainning.appium.example.test.WebAppTest"/>
</testsuite> <!-- trainning.appium.example.test.WebAppTest -->
